<?xml version="1.0" encoding="UTF-8" ?>
<injections>
    <injection interface="univ.lab.inject.GetIntegerInterface" class="univ.lab.inject.GetIntegerImplementation"/>
</injections>